passing arguments
['SEARCH_MANY', 'yo_soy_tu_gominola', 'C:\\Users\\Melquiceded\\Documents\\csharp\\Youweb\\wwwroot\\download\\', '8P22Eo9y47']
Action: SEARCH_MANY
LINK: https://www.youtube.com/watch?v=w7w59Zp8bEM
LINK: https://www.youtube.com/watch?v=jiwsGxxjP9c
LINK: https://www.youtube.com/watch?v=QTAtHwtAxCQ
LINK: https://www.youtube.com/watch?v=astISOttCQ0
LINK: https://www.youtube.com/watch?v=Y8byzEdFS_U
LINK: https://www.youtube.com/watch?v=u0HNz2NzTCU
LINK: https://www.youtube.com/watch?v=ztpijNWg0xI
LINK: https://www.youtube.com/watch?v=zyUY9ubVdHQ
LINK: https://www.youtube.com/watch?v=vOyT8VaSaik
LINK: https://www.youtube.com/watch?v=U-U5MXI5QeY
LINK: https://www.youtube.com/watch?v=jRZyGF-9bRQ
LINK: https://www.youtube.com/watch?v=ehJiePqXjTI
b'List of links Downloaded Sucessfully [12] links Found!!!'
Link Saved: https://www.youtube.com/watch?v=w7w59Zp8bEM
b'Getting icons and metadata...Osito Gominola - Full Spanish Version - The Gummy Bear Song'
Link Saved: https://www.youtube.com/watch?v=jiwsGxxjP9c
b'Getting icons and metadata...Yo soy tu Osito Gominola -  Canciones del Zoo 1'
Link Saved: https://www.youtube.com/watch?v=QTAtHwtAxCQ
b'Getting icons and metadata...Osito Gominola - The Gummy Bear Song - Long Spanish Version - Gummib\xc3\xa4r'
Link Saved: https://www.youtube.com/watch?v=astISOttCQ0
b'Getting icons and metadata...The Gummy Bear Song - Long English Version'
Link Saved: https://www.youtube.com/watch?v=Y8byzEdFS_U
b'Getting icons and metadata...Valeria Ros imita a Gummib\xc3\xa4r en "Yo soy tu gominola" - Tu Cara Me Suena'
Link Saved: https://www.youtube.com/watch?v=u0HNz2NzTCU
b'Getting icons and metadata...BURBUJA BURBUJA Osito Gominola BUBBLE UP Spanish Gummib\xc3\xa4r The Gummy Bear Song'
Link Saved: https://www.youtube.com/watch?v=ztpijNWg0xI
b'Getting icons and metadata...Osito Gominola Todos Los V\xc3\xaddeos Espa\xc3\xb1ol Gummib\xc3\xa4r The Gummy Bear'
Link Saved: https://www.youtube.com/watch?v=zyUY9ubVdHQ
b'Getting icons and metadata...Gummib\xc3\xa4r A Jugar! World Cup Soccer/Football Song Chilean Spanish Gummy Bear Osito Gominola'
Link Saved: https://www.youtube.com/watch?v=vOyT8VaSaik
b'Getting icons and metadata...yo soy tu gominola with different voices part 2\xf0\x9f\xa4\xaf'
Link Saved: https://www.youtube.com/watch?v=U-U5MXI5QeY
b'Getting icons and metadata...osito gomilona -yo soy tu gominola (espa\xc3\xb1ol)'
Link Saved: https://www.youtube.com/watch?v=jRZyGF-9bRQ
b'Getting icons and metadata...so soy tu osito gominola (slowed & Reverb) tiktok'
Link Saved: https://www.youtube.com/watch?v=ehJiePqXjTI
b'Getting icons and metadata...Huevo Sorpresa Gigante de Osito Gominola en Espa\xc3\xb1ol de Plastilina Play Doh'
Saved Search Location: C:\Users\Melquiceded\Documents\csharp\Youweb\wwwroot\download\8P22Eo9y47.links

Exit Code: 0

Log Time: 08/12/2024 01:40:57
passing arguments
['SEARCH_MANY', 'adele_hello', 'C:\\Users\\Melquiceded\\Documents\\csharp\\Youweb\\wwwroot\\download\\', '268c26yvyF']
Action: SEARCH_MANY
LINK: https://www.youtube.com/watch?v=YQHsXMglC9A
LINK: https://www.youtube.com/watch?v=be12BC5pQLE
LINK: https://www.youtube.com/watch?v=DfG6VKnjrVw
LINK: https://www.youtube.com/watch?v=T1tl66trXTQ
LINK: https://www.youtube.com/watch?v=C3ws7HFNQf4
LINK: https://www.youtube.com/watch?v=-qBzKpsRJqo
LINK: https://www.youtube.com/watch?v=os223N4rU80
LINK: https://www.youtube.com/watch?v=6if98PUSZsc
LINK: https://www.youtube.com/watch?v=r2c-hncewv8
LINK: https://www.youtube.com/watch?v=h8PhjgepQx8
LINK: https://www.youtube.com/watch?v=tDVMhFQXFIQ
LINK: https://www.youtube.com/watch?v=zfEV8Z3tnkw
LINK: https://www.youtube.com/watch?v=DGhgsxhIVW8
LINK: https://www.youtube.com/watch?v=t071Wm45qWM
LINK: https://www.youtube.com/watch?v=-yL7VP4-kP4
LINK: https://www.youtube.com/watch?v=jun4rWJ_L6I
LINK: https://www.youtube.com/watch?v=3t969cfCn7Q
LINK: https://www.youtube.com/watch?v=doWWkG2gPPE
LINK: https://www.youtube.com/watch?v=xFMbKIGp6Lg
b'List of links Downloaded Sucessfully [19] links Found!!!'
Link Saved: https://www.youtube.com/watch?v=YQHsXMglC9A
b'Getting icons and metadata...Hello (Official Music Video)'
Link Saved: https://www.youtube.com/watch?v=be12BC5pQLE
b'Getting icons and metadata...Adele - Hello (Lyrics)'
Link Saved: https://www.youtube.com/watch?v=DfG6VKnjrVw
b'Getting icons and metadata...Hello (Live at the NRJ Awards)'
Link Saved: https://www.youtube.com/watch?v=T1tl66trXTQ
b'Getting icons and metadata...Adele - Hello'
Link Saved: https://www.youtube.com/watch?v=C3ws7HFNQf4
b'Getting icons and metadata...Adele - Hello // Lyrics + Espa\xc3\xb1ol // Video Official'
Link Saved: https://www.youtube.com/watch?v=-qBzKpsRJqo
b'Getting icons and metadata...Adele   Hello'
Link Saved: https://www.youtube.com/watch?v=os223N4rU80
b'Getting icons and metadata...Adele - Hello (Tradu\xc3\xa7\xc3\xa3o/Legendado) (Live An Audience With)'
Link Saved: https://www.youtube.com/watch?v=6if98PUSZsc
b'Getting icons and metadata...Adele - Hello (Tradu\xc3\xa7\xc3\xa3o/Legendado) (Live One Night Only)'
Link Saved: https://www.youtube.com/watch?v=r2c-hncewv8
b'Getting icons and metadata...Adele - Hello (Live Munich) Night 1 & 2'
Link Saved: https://www.youtube.com/watch?v=h8PhjgepQx8
b'Getting icons and metadata...ADELE \xe2\x80\x93 Hello \xe2\x80\x93 Opening Act \xe2\x80\x93 LIVE (Munich, 2024)'
Link Saved: https://www.youtube.com/watch?v=tDVMhFQXFIQ
b'Getting icons and metadata...Adele - Hello | Lirik Terjemahan'
Link Saved: https://www.youtube.com/watch?v=zfEV8Z3tnkw
b'Getting icons and metadata...Adele - Hello (Munich Messe)'
Link Saved: https://www.youtube.com/watch?v=DGhgsxhIVW8
b'Getting icons and metadata...Adele - Hello (Live in Munich, August 9th, 2024)'
Link Saved: https://www.youtube.com/watch?v=t071Wm45qWM
b'Getting icons and metadata...Hello (Reggae Cover)'
Link Saved: https://www.youtube.com/watch?v=-yL7VP4-kP4
b'Getting icons and metadata...Jimmy Fallon, Adele & The Roots Sing "Hello" (w/Classroom Instruments)'
Link Saved: https://www.youtube.com/watch?v=jun4rWJ_L6I
b'Getting icons and metadata...Adele - Hello JOE Thomas Cover'
Link Saved: https://www.youtube.com/watch?v=3t969cfCn7Q
b'Getting icons and metadata...Adele - Hello (Lyrics)'
Link Saved: https://www.youtube.com/watch?v=doWWkG2gPPE
b'Getting icons and metadata...Hello - Adele (Karaoke Songs With Lyrics - Original Key)'
Link Saved: https://www.youtube.com/watch?v=xFMbKIGp6Lg
b'Getting icons and metadata...Adele - Hello & Hans Zimmer - Time (Original and Cyberdesign Remix) 3rd version [An EdgE Mashup]'
Saved Search Location: C:\Users\Melquiceded\Documents\csharp\Youweb\wwwroot\download\268c26yvyF.links

Exit Code: 0

Log Time: 08/12/2024 01:46:37
